#! /usr/bin/vvp
:ivl_version "11.0 (stable)";
:ivl_delay_selection "TYPICAL";
:vpi_time_precision + 0;
:vpi_module "/usr/lib/x86_64-linux-gnu/ivl/system.vpi";
:vpi_module "/usr/lib/x86_64-linux-gnu/ivl/vhdl_sys.vpi";
:vpi_module "/usr/lib/x86_64-linux-gnu/ivl/vhdl_textio.vpi";
:vpi_module "/usr/lib/x86_64-linux-gnu/ivl/v2005_math.vpi";
:vpi_module "/usr/lib/x86_64-linux-gnu/ivl/va_math.vpi";
S_0x5e5747de1b00 .scope module, "encoder4x2" "encoder4x2" 2 1;
 .timescale 0 0;
    .port_info 0 /INPUT 1 "switchcase";
    .port_info 1 /OUTPUT 2 "led";
v0x5e5747dbc7b0_0 .var "led", 1 0;
o0x76e15b239048 .functor BUFZ 1, C4<z>; HiZ drive
v0x5e5747dbcba0_0 .net "switchcase", 0 0, o0x76e15b239048;  0 drivers
v0x5e5747e05270_0 .var "variable1", 3 0;
v0x5e5747e05330_0 .var "variable2", 3 0;
E_0x5e5747dbb6a0 .event edge, v0x5e5747dbcba0_0, v0x5e5747e05270_0, v0x5e5747e05330_0;
    .scope S_0x5e5747de1b00;
T_0 ;
    %pushi/vec4 4, 0, 4;
    %store/vec4 v0x5e5747e05270_0, 0, 4;
    %pushi/vec4 2, 0, 4;
    %store/vec4 v0x5e5747e05330_0, 0, 4;
    %end;
    .thread T_0;
    .scope S_0x5e5747de1b00;
T_1 ;
    %wait E_0x5e5747dbb6a0;
    %load/vec4 v0x5e5747dbcba0_0;
    %pad/u 32;
    %cmpi/e 1, 0, 32;
    %jmp/0xz  T_1.0, 4;
    %load/vec4 v0x5e5747e05270_0;
    %parti/s 1, 1, 2;
    %load/vec4 v0x5e5747e05270_0;
    %parti/s 1, 3, 3;
    %or;
    %ix/load 4, 0, 0;
    %flag_set/imm 4, 0;
    %store/vec4 v0x5e5747dbc7b0_0, 4, 1;
    %load/vec4 v0x5e5747e05270_0;
    %parti/s 1, 2, 3;
    %load/vec4 v0x5e5747e05270_0;
    %parti/s 1, 3, 3;
    %or;
    %ix/load 4, 1, 0;
    %flag_set/imm 4, 0;
    %store/vec4 v0x5e5747dbc7b0_0, 4, 1;
    %jmp T_1.1;
T_1.0 ;
    %load/vec4 v0x5e5747e05330_0;
    %parti/s 1, 1, 2;
    %load/vec4 v0x5e5747e05330_0;
    %parti/s 1, 3, 3;
    %or;
    %ix/load 4, 0, 0;
    %flag_set/imm 4, 0;
    %store/vec4 v0x5e5747dbc7b0_0, 4, 1;
    %load/vec4 v0x5e5747e05330_0;
    %parti/s 1, 2, 3;
    %load/vec4 v0x5e5747e05330_0;
    %parti/s 1, 3, 3;
    %or;
    %ix/load 4, 1, 0;
    %flag_set/imm 4, 0;
    %store/vec4 v0x5e5747dbc7b0_0, 4, 1;
T_1.1 ;
    %jmp T_1;
    .thread T_1, $push;
# The file index is used to find the file name in the following table.
:file_names 3;
    "N/A";
    "<interactive>";
    "encoder4x2.v";
